[debug] [2018-09-07T20:15:25.471Z] ----------------------------------------------------------------------
[debug] [2018-09-07T20:15:25.478Z] Command:       C:\Program Files\nodejs\node.exe C:\Users\EQUIPO9\AppData\Roaming\npm\node_modules\firebase-tools\bin\firebase serve
[debug] [2018-09-07T20:15:25.479Z] CLI Version:   4.2.1
[debug] [2018-09-07T20:15:25.479Z] Platform:      win32
[debug] [2018-09-07T20:15:25.479Z] Node Version:  v10.9.0
[debug] [2018-09-07T20:15:25.482Z] Time:          Fri Sep 07 2018 17:15:25 GMT-0300 (GMT-03:00)
[debug] [2018-09-07T20:15:25.483Z] ----------------------------------------------------------------------
[debug] 
[debug] [2018-09-07T20:15:25.584Z] > command requires scopes: ["email","openid","https://www.googleapis.com/auth/cloudplatformprojects.readonly","https://www.googleapis.com/auth/firebase","https://www.googleapis.com/auth/cloud-platform"]
[debug] [2018-09-07T20:15:25.585Z] > authorizing via signed-in user
[debug] [2018-09-07T20:15:25.589Z] > refreshing access token with scopes: ["email","https://www.googleapis.com/auth/cloud-platform","https://www.googleapis.com/auth/cloudplatformprojects.readonly","https://www.googleapis.com/auth/firebase","openid"]
[debug] [2018-09-07T20:15:25.590Z] >>> HTTP REQUEST POST https://www.googleapis.com/oauth2/v3/token  

[debug] [2018-09-07T20:15:25.997Z] <<< HTTP RESPONSE 200
[debug] [2018-09-07T20:15:26.076Z] >>> HTTP REQUEST GET https://admin.firebase.com/v1/projects/platzi-invie-4e1b8  
 
[debug] [2018-09-07T20:15:27.144Z] <<< HTTP RESPONSE 200
[debug] [2018-09-07T20:15:27.146Z] >>> HTTP REQUEST GET https://cloudresourcemanager.googleapis.com/v1/projects/platzi-invie-4e1b8  
 
[debug] [2018-09-07T20:15:28.413Z] <<< HTTP RESPONSE 200
[info] 
[info] === Serving from 'C:\Users\EQUIPO9\Documents\firebase'...
[info] 
[debug] [2018-09-07T20:15:28.419Z] >>> HTTP REQUEST GET https://mobilesdk-pa.googleapis.com/v1/projects/920823603671/clients/_:getWebAppConfig  
 
[debug] [2018-09-07T20:15:28.937Z] <<< HTTP RESPONSE 200
[info] i  hosting[platzi-invie-4e1b8]: Serving hosting files from: ./
[info] +  hosting[platzi-invie-4e1b8]: Local server: http://localhost:5000
